<?xml version="1.0" encoding="UTF-8"?>
<testsuite xmlns:xsi="http://www.w3.org/2001/XMLSchema-instance" xsi:noNamespaceSchemaLocation="https://maven.apache.org/surefire/maven-surefire-plugin/xsd/surefire-test-report.xsd" name="sg.edu.nus.comp.cs4218.impl.parser.WcArgsParserTest" time="0" tests="9" errors="0" skipped="0" failures="0">
  <properties>
    <property name="java.specification.version" value="17"/>
    <property name="sun.jnu.encoding" value="UTF-8"/>
    <property name="java.class.path" value="/Users/yongler/IdeaProjects/cs4218-project-2024-team04/target/test-classes:/Users/yongler/IdeaProjects/cs4218-project-2024-team04/target/classes:/Users/yongler/.m2/repository/org/junit/jupiter/junit-jupiter-engine/5.9.1/junit-jupiter-engine-5.9.1.jar:/Users/yongler/.m2/repository/org/junit/platform/junit-platform-engine/1.9.1/junit-platform-engine-1.9.1.jar:/Users/yongler/.m2/repository/org/opentest4j/opentest4j/1.2.0/opentest4j-1.2.0.jar:/Users/yongler/.m2/repository/org/junit/platform/junit-platform-commons/1.9.1/junit-platform-commons-1.9.1.jar:/Users/yongler/.m2/repository/org/junit/jupiter/junit-jupiter-api/5.9.1/junit-jupiter-api-5.9.1.jar:/Users/yongler/.m2/repository/org/apiguardian/apiguardian-api/1.1.2/apiguardian-api-1.1.2.jar:"/>
    <property name="java.vm.vendor" value="Oracle Corporation"/>
    <property name="sun.arch.data.model" value="64"/>
    <property name="java.vendor.url" value="https://java.oracle.com/"/>
    <property name="os.name" value="Mac OS X"/>
    <property name="java.vm.specification.version" value="17"/>
    <property name="sun.java.launcher" value="SUN_STANDARD"/>
    <property name="user.country" value="US"/>
    <property name="sun.boot.library.path" value="/Library/Java/JavaVirtualMachines/jdk-17.jdk/Contents/Home/lib"/>
    <property name="sun.java.command" value="/Users/yongler/IdeaProjects/cs4218-project-2024-team04/target/surefire/surefirebooter7092544873356066523.jar /Users/yongler/IdeaProjects/cs4218-project-2024-team04/target/surefire 2024-02-24T15-36-39_550-jvmRun1 surefire8914428146549410736tmp surefire_08534722000861609615tmp"/>
    <property name="http.nonProxyHosts" value="local|*.local|169.254/16|*.169.254/16"/>
    <property name="jdk.debug" value="release"/>
    <property name="surefire.test.class.path" value="/Users/yongler/IdeaProjects/cs4218-project-2024-team04/target/test-classes:/Users/yongler/IdeaProjects/cs4218-project-2024-team04/target/classes:/Users/yongler/.m2/repository/org/junit/jupiter/junit-jupiter-engine/5.9.1/junit-jupiter-engine-5.9.1.jar:/Users/yongler/.m2/repository/org/junit/platform/junit-platform-engine/1.9.1/junit-platform-engine-1.9.1.jar:/Users/yongler/.m2/repository/org/opentest4j/opentest4j/1.2.0/opentest4j-1.2.0.jar:/Users/yongler/.m2/repository/org/junit/platform/junit-platform-commons/1.9.1/junit-platform-commons-1.9.1.jar:/Users/yongler/.m2/repository/org/junit/jupiter/junit-jupiter-api/5.9.1/junit-jupiter-api-5.9.1.jar:/Users/yongler/.m2/repository/org/apiguardian/apiguardian-api/1.1.2/apiguardian-api-1.1.2.jar:"/>
    <property name="sun.cpu.endian" value="little"/>
    <property name="user.home" value="/Users/yongler"/>
    <property name="user.language" value="en"/>
    <property name="java.specification.vendor" value="Oracle Corporation"/>
    <property name="java.version.date" value="2024-01-16"/>
    <property name="java.home" value="/Library/Java/JavaVirtualMachines/jdk-17.jdk/Contents/Home"/>
    <property name="file.separator" value="/"/>
    <property name="basedir" value="/Users/yongler/IdeaProjects/cs4218-project-2024-team04"/>
    <property name="java.vm.compressedOopsMode" value="Zero based"/>
    <property name="line.separator" value="&#10;"/>
    <property name="java.specification.name" value="Java Platform API Specification"/>
    <property name="java.vm.specification.vendor" value="Oracle Corporation"/>
    <property name="surefire.real.class.path" value="/Users/yongler/IdeaProjects/cs4218-project-2024-team04/target/surefire/surefirebooter7092544873356066523.jar"/>
    <property name="sun.management.compiler" value="HotSpot 64-Bit Tiered Compilers"/>
    <property name="ftp.nonProxyHosts" value="local|*.local|169.254/16|*.169.254/16"/>
    <property name="java.runtime.version" value="17.0.10+11-LTS-240"/>
    <property name="user.name" value="yongler"/>
    <property name="path.separator" value=":"/>
    <property name="os.version" value="14.1"/>
    <property name="java.runtime.name" value="Java(TM) SE Runtime Environment"/>
    <property name="file.encoding" value="UTF-8"/>
    <property name="java.vm.name" value="Java HotSpot(TM) 64-Bit Server VM"/>
    <property name="localRepository" value="/Users/yongler/.m2/repository"/>
    <property name="java.vendor.url.bug" value="https://bugreport.java.com/bugreport/"/>
    <property name="java.io.tmpdir" value="/var/folders/16/h_4wk9_x6sq3tsqqqsvnsnvm0000gn/T/"/>
    <property name="idea.version" value="2023.3.3"/>
    <property name="java.version" value="17.0.10"/>
    <property name="user.dir" value="/Users/yongler/IdeaProjects/cs4218-project-2024-team04"/>
    <property name="os.arch" value="aarch64"/>
    <property name="java.vm.specification.name" value="Java Virtual Machine Specification"/>
    <property name="native.encoding" value="UTF-8"/>
    <property name="java.library.path" value="/Users/yongler/Library/Java/Extensions:/Library/Java/Extensions:/Network/Library/Java/Extensions:/System/Library/Java/Extensions:/usr/lib/java:."/>
    <property name="java.vm.info" value="mixed mode, sharing"/>
    <property name="java.vendor" value="Oracle Corporation"/>
    <property name="java.vm.version" value="17.0.10+11-LTS-240"/>
    <property name="sun.io.unicode.encoding" value="UnicodeBig"/>
    <property name="socksNonProxyHosts" value="local|*.local|169.254/16|*.169.254/16"/>
    <property name="java.class.version" value="61.0"/>
  </properties>
  <testcase name="isLineCount_flagAbsent_False" classname="sg.edu.nus.comp.cs4218.impl.parser.WcArgsParserTest" time="0"/>
  <testcase name="isByteCount_flagAbsent_False" classname="sg.edu.nus.comp.cs4218.impl.parser.WcArgsParserTest" time="0"/>
  <testcase name="getFileNames_FileNamesInArgs_fileNames" classname="sg.edu.nus.comp.cs4218.impl.parser.WcArgsParserTest" time="0"/>
  <testcase name="parse_threeFlagsGivenTogether_threeFlagsPresent" classname="sg.edu.nus.comp.cs4218.impl.parser.WcArgsParserTest" time="0"/>
  <testcase name="isWordCount_flagPresent_True" classname="sg.edu.nus.comp.cs4218.impl.parser.WcArgsParserTest" time="0"/>
  <testcase name="getFileNames_FileNamesNotInArgs_emptyList" classname="sg.edu.nus.comp.cs4218.impl.parser.WcArgsParserTest" time="0"/>
  <testcase name="isLineCount_flagPresent_True" classname="sg.edu.nus.comp.cs4218.impl.parser.WcArgsParserTest" time="0"/>
  <testcase name="isWordCount_flagAbsent_False" classname="sg.edu.nus.comp.cs4218.impl.parser.WcArgsParserTest" time="0"/>
  <testcase name="isByteCount_flagPresent_True" classname="sg.edu.nus.comp.cs4218.impl.parser.WcArgsParserTest" time="0"/>
</testsuite>